2026-01-31T13:07:42+00:00 INFO Email Sending
2026-01-31T13:07:42+00:00 INFO Email Send Successfully
2026-01-31T13:07:44+00:00 INFO Email Sending
2026-01-31T13:07:44+00:00 INFO Email Send Successfully
2026-02-27T11:22:34+00:00 ERROR Could not instantiate mail function.
2026-02-27T11:22:34+00:00 INFO Email Sending
2026-02-27T11:22:34+00:00 INFO Email Sending failed
2026-02-27T11:22:36+00:00 ERROR Could not instantiate mail function.
2026-02-27T11:22:36+00:00 INFO Email Sending
2026-02-27T11:22:36+00:00 INFO Email Sending failed
2026-04-06T10:03:35+00:00 ERROR Could not instantiate mail function.
2026-04-14T07:38:39+00:00 ERROR Could not instantiate mail function.
2026-04-14T07:39:13+00:00 ERROR Could not instantiate mail function.
2026-04-14T09:10:46+00:00 ERROR Could not instantiate mail function.
2026-04-14T10:16:38+00:00 ERROR Could not instantiate mail function.
2026-04-14T10:36:47+00:00 ERROR Could not instantiate mail function.
2026-04-14T10:59:29+00:00 ERROR Could not instantiate mail function.
2026-04-14T11:10:03+00:00 ERROR Could not instantiate mail function.
2026-04-14T12:06:42+00:00 ERROR SMTP Error: Could not connect to SMTP host. Failed to connect to server
2026-04-14T12:11:22+00:00 ERROR SMTP Error: Could not connect to SMTP host. Failed to connect to server
2026-04-14T12:12:57+00:00 ERROR SMTP Error: Could not connect to SMTP host. Failed to connect to server
2026-04-14T12:21:49+00:00 ERROR Could not instantiate mail function.
2026-04-14T18:29:22+00:00 ERROR Could not instantiate mail function.
2026-04-17T07:55:41+00:00 ERROR Could not instantiate mail function.
2026-04-17T07:56:10+00:00 ERROR Could not instantiate mail function.
2026-04-17T09:04:39+00:00 ERROR SMTP Error: Could not connect to SMTP host. Failed to connect to server
2026-04-17T09:15:41+00:00 ERROR SMTP Error: Could not connect to SMTP host. Failed to connect to server
2026-04-17T09:17:33+00:00 ERROR SMTP Error: Could not connect to SMTP host. Failed to connect to server
2026-04-17T09:18:57+00:00 ERROR SMTP Error: Could not connect to SMTP host. Failed to connect to server
2026-04-17T09:19:32+00:00 ERROR SMTP Error: Could not connect to SMTP host. Failed to connect to server
